<?xml version="1.0" encoding="UTF-8"?>
<!-- Generated by org.testng.reporters.JUnitXMLReporter -->
<testsuite ignored="0" hostname="DIGITAL-0059" failures="0" tests="174" name="Test1" time="3437.479" errors="0" timestamp="2022-09-06T14:50:54 IST">
  <testcase classname="Main.Run" name="PageURLverify" time="14.91"/>
  <testcase classname="Main.Run" name="PageURLverify" time="16.14"/>
  <testcase classname="Main.Run" name="PageURLverify" time="13.731"/>
  <testcase classname="Main.Run" name="PageURLverify" time="14.12"/>
  <testcase classname="Main.Run" name="PageURLverify" time="17.777"/>
  <testcase classname="Main.Run" name="PageURLverify" time="13.841"/>
  <testcase classname="Main.Run" name="PageURLverify" time="13.437"/>
  <testcase classname="Main.Run" name="PageURLverify" time="13.488"/>
  <testcase classname="Main.Run" name="PageURLverify" time="13.492"/>
  <testcase classname="Main.Run" name="PageURLverify" time="14.458"/>
  <testcase classname="Main.Run" name="PageURLverify" time="13.848"/>
  <testcase classname="Main.Run" name="PageURLverify" time="13.993"/>
  <testcase classname="Main.Run" name="PageURLverify" time="20.019"/>
  <testcase classname="Main.Run" name="PageURLverify" time="19.924"/>
  <testcase classname="Main.Run" name="PageURLverify" time="20.037"/>
  <testcase classname="Main.Run" name="PageURLverify" time="18.029"/>
  <testcase classname="Main.Run" name="PageURLverify" time="19.933"/>
  <testcase classname="Main.Run" name="PageURLverify" time="19.981"/>
  <testcase classname="Main.Run" name="PageURLverify" time="20.13"/>
  <testcase classname="Main.Run" name="PageURLverify" time="20.427"/>
  <testcase classname="Main.Run" name="PageURLverify" time="20.152"/>
  <testcase classname="Main.Run" name="PageURLverify" time="19.901"/>
  <testcase classname="Main.Run" name="PageURLverify" time="20.059"/>
  <testcase classname="Main.Run" name="PageURLverify" time="19.878"/>
  <testcase classname="Main.Run" name="PageURLverify" time="13.615"/>
  <testcase classname="Main.Run" name="PageURLverify" time="23.771"/>
  <testcase classname="Main.Run" name="PageURLverify" time="19.987"/>
  <testcase classname="Main.Run" name="PageURLverify" time="20.233"/>
  <testcase classname="Main.Run" name="PageURLverify" time="20.149"/>
  <testcase classname="Main.Run" name="PageURLverify" time="20.017"/>
  <testcase classname="Main.Run" name="PageURLverify" time="20.269"/>
  <testcase classname="Main.Run" name="PageURLverify" time="20.749"/>
  <testcase classname="Main.Run" name="PageURLverify" time="20.842"/>
  <testcase classname="Main.Run" name="PageURLverify" time="18.161"/>
  <testcase classname="Main.Run" name="PageURLverify" time="20.272"/>
  <testcase classname="Main.Run" name="PageURLverify" time="18.417"/>
  <testcase classname="Main.Run" name="PageURLverify" time="18.094"/>
  <testcase classname="Main.Run" name="PageURLverify" time="20.437"/>
  <testcase classname="Main.Run" name="PageURLverify" time="13.546"/>
  <testcase classname="Main.Run" name="PageURLverify" time="18.278"/>
  <testcase classname="Main.Run" name="PageURLverify" time="20.408"/>
  <testcase classname="Main.Run" name="PageURLverify" time="20.361"/>
  <testcase classname="Main.Run" name="PageURLverify" time="20.151"/>
  <testcase classname="Main.Run" name="PageURLverify" time="20.059"/>
  <testcase classname="Main.Run" name="PageURLverify" time="20.186"/>
  <testcase classname="Main.Run" name="PageURLverify" time="20.114"/>
  <testcase classname="Main.Run" name="PageURLverify" time="19.943"/>
  <testcase classname="Main.Run" name="PageURLverify" time="19.841"/>
  <testcase classname="Main.Run" name="PageURLverify" time="19.913"/>
  <testcase classname="Main.Run" name="PageURLverify" time="19.867"/>
  <testcase classname="Main.Run" name="PageURLverify" time="19.981"/>
  <testcase classname="Main.Run" name="PageURLverify" time="19.819"/>
  <testcase classname="Main.Run" name="PageURLverify" time="20.462"/>
  <testcase classname="Main.Run" name="PageURLverify" time="13.532"/>
  <testcase classname="Main.Run" name="PageURLverify" time="17.678"/>
  <testcase classname="Main.Run" name="PageURLverify" time="19.853"/>
  <testcase classname="Main.Run" name="PageURLverify" time="20.017"/>
  <testcase classname="Main.Run" name="PageURLverify" time="19.923"/>
  <testcase classname="Main.Run" name="PageURLverify" time="20.155"/>
  <testcase classname="Main.Run" name="PageURLverify" time="20.343"/>
  <testcase classname="Main.Run" name="PageURLverify" time="19.941"/>
  <testcase classname="Main.Run" name="PageURLverify" time="19.936"/>
  <testcase classname="Main.Run" name="PageURLverify" time="19.959"/>
  <testcase classname="Main.Run" name="PageURLverify" time="20.012"/>
  <testcase classname="Main.Run" name="PageURLverify" time="19.99"/>
  <testcase classname="Main.Run" name="PageURLverify" time="19.952"/>
  <testcase classname="Main.Run" name="PageURLverify" time="20.054"/>
  <testcase classname="Main.Run" name="PageURLverify" time="19.961"/>
  <testcase classname="Main.Run" name="PageURLverify" time="20.044"/>
  <testcase classname="Main.Run" name="PageURLverify" time="19.91"/>
  <testcase classname="Main.Run" name="PageURLverify" time="20.035"/>
  <testcase classname="Main.Run" name="PageURLverify" time="20.123"/>
  <testcase classname="Main.Run" name="PageURLverify" time="20.113"/>
  <testcase classname="Main.Run" name="PageURLverify" time="20.143"/>
  <testcase classname="Main.Run" name="PageURLverify" time="20.038"/>
  <testcase classname="Main.Run" name="PageURLverify" time="20.09"/>
  <testcase classname="Main.Run" name="PageURLverify" time="20.033"/>
  <testcase classname="Main.Run" name="PageURLverify" time="20.107"/>
  <testcase classname="Main.Run" name="PageURLverify" time="20.212"/>
  <testcase classname="Main.Run" name="PageURLverify" time="20.06"/>
  <testcase classname="Main.Run" name="PageURLverify" time="20.113"/>
  <testcase classname="Main.Run" name="PageURLverify" time="20.032"/>
  <testcase classname="Main.Run" name="PageURLverify" time="20.038"/>
  <testcase classname="Main.Run" name="PageURLverify" time="20.253"/>
  <testcase classname="Main.Run" name="PageURLverify" time="20.418"/>
  <testcase classname="Main.Run" name="PageURLverify" time="20.195"/>
  <testcase classname="Main.Run" name="PageURLverify" time="20.166"/>
  <testcase classname="Main.Run" name="PageURLverify" time="20.136"/>
  <testcase classname="Main.Run" name="PageURLverify" time="20.006"/>
  <testcase classname="Main.Run" name="PageURLverify" time="20.04"/>
  <testcase classname="Main.Run" name="PageURLverify" time="20.104"/>
  <testcase classname="Main.Run" name="PageURLverify" time="20.033"/>
  <testcase classname="Main.Run" name="PageURLverify" time="20.012"/>
  <testcase classname="Main.Run" name="PageURLverify" time="20.123"/>
  <testcase classname="Main.Run" name="PageURLverify" time="20.233"/>
  <testcase classname="Main.Run" name="PageURLverify" time="20.167"/>
  <testcase classname="Main.Run" name="PageURLverify" time="20.196"/>
  <testcase classname="Main.Run" name="PageURLverify" time="20.157"/>
  <testcase classname="Main.Run" name="PageURLverify" time="20.126"/>
  <testcase classname="Main.Run" name="PageURLverify" time="20.212"/>
  <testcase classname="Main.Run" name="PageURLverify" time="20.121"/>
  <testcase classname="Main.Run" name="PageURLverify" time="20.309"/>
  <testcase classname="Main.Run" name="PageURLverify" time="21.115"/>
  <testcase classname="Main.Run" name="PageURLverify" time="20.305"/>
  <testcase classname="Main.Run" name="PageURLverify" time="20.208"/>
  <testcase classname="Main.Run" name="PageURLverify" time="20.273"/>
  <testcase classname="Main.Run" name="PageURLverify" time="20.218"/>
  <testcase classname="Main.Run" name="PageURLverify" time="20.125"/>
  <testcase classname="Main.Run" name="PageURLverify" time="20.219"/>
  <testcase classname="Main.Run" name="PageURLverify" time="20.262"/>
  <testcase classname="Main.Run" name="PageURLverify" time="20.206"/>
  <testcase classname="Main.Run" name="PageURLverify" time="20.127"/>
  <testcase classname="Main.Run" name="PageURLverify" time="20.256"/>
  <testcase classname="Main.Run" name="PageURLverify" time="20.285"/>
  <testcase classname="Main.Run" name="PageURLverify" time="20.245"/>
  <testcase classname="Main.Run" name="PageURLverify" time="20.231"/>
  <testcase classname="Main.Run" name="PageURLverify" time="20.371"/>
  <testcase classname="Main.Run" name="PageURLverify" time="20.323"/>
  <testcase classname="Main.Run" name="PageURLverify" time="20.295"/>
  <testcase classname="Main.Run" name="PageURLverify" time="20.171"/>
  <testcase classname="Main.Run" name="PageURLverify" time="20.244"/>
  <testcase classname="Main.Run" name="PageURLverify" time="20.368"/>
  <testcase classname="Main.Run" name="PageURLverify" time="20.355"/>
  <testcase classname="Main.Run" name="PageURLverify" time="20.343"/>
  <testcase classname="Main.Run" name="PageURLverify" time="20.398"/>
  <testcase classname="Main.Run" name="PageURLverify" time="21.636"/>
  <testcase classname="Main.Run" name="PageURLverify" time="20.315"/>
  <testcase classname="Main.Run" name="PageURLverify" time="20.43"/>
  <testcase classname="Main.Run" name="PageURLverify" time="20.293"/>
  <testcase classname="Main.Run" name="PageURLverify" time="20.329"/>
  <testcase classname="Main.Run" name="PageURLverify" time="20.358"/>
  <testcase classname="Main.Run" name="PageURLverify" time="20.382"/>
  <testcase classname="Main.Run" name="PageURLverify" time="20.939"/>
  <testcase classname="Main.Run" name="PageURLverify" time="20.358"/>
  <testcase classname="Main.Run" name="PageURLverify" time="20.276"/>
  <testcase classname="Main.Run" name="PageURLverify" time="20.316"/>
  <testcase classname="Main.Run" name="PageURLverify" time="20.246"/>
  <testcase classname="Main.Run" name="PageURLverify" time="20.34"/>
  <testcase classname="Main.Run" name="PageURLverify" time="20.247"/>
  <testcase classname="Main.Run" name="PageURLverify" time="20.171"/>
  <testcase classname="Main.Run" name="PageURLverify" time="13.978"/>
  <testcase classname="Main.Run" name="PageURLverify" time="18.885"/>
  <testcase classname="Main.Run" name="PageURLverify" time="14.64"/>
  <testcase classname="Main.Run" name="PageURLverify" time="14.094"/>
  <testcase classname="Main.Run" name="PageURLverify" time="14.305"/>
  <testcase classname="Main.Run" name="PageURLverify" time="18.669"/>
  <testcase classname="Main.Run" name="PageURLverify" time="14.328"/>
  <testcase classname="Main.Run" name="PageURLverify" time="14.04"/>
  <testcase classname="Main.Run" name="PageURLverify" time="13.965"/>
  <testcase classname="Main.Run" name="PageURLverify" time="14.905"/>
  <testcase classname="Main.Run" name="PageURLverify" time="14.639"/>
  <testcase classname="Main.Run" name="PageURLverify" time="13.978"/>
  <testcase classname="Main.Run" name="PageURLverify" time="14.008"/>
  <testcase classname="Main.Run" name="PageURLverify" time="13.975"/>
  <testcase classname="Main.Run" name="PageURLverify" time="13.709"/>
  <testcase classname="Main.Run" name="PageURLverify" time="20.363"/>
  <testcase classname="Main.Run" name="PageURLverify" time="20.65"/>
  <testcase classname="Main.Run" name="PageURLverify" time="20.609"/>
  <testcase classname="Main.Run" name="PageURLverify" time="20.331"/>
  <testcase classname="Main.Run" name="PageURLverify" time="20.289"/>
  <testcase classname="Main.Run" name="PageURLverify" time="20.374"/>
  <testcase classname="Main.Run" name="PageURLverify" time="20.325"/>
  <testcase classname="Main.Run" name="PageURLverify" time="20.458"/>
  <testcase classname="Main.Run" name="PageURLverify" time="20.493"/>
  <testcase classname="Main.Run" name="PageURLverify" time="20.317"/>
  <testcase classname="Main.Run" name="PageURLverify" time="20.403"/>
  <testcase classname="Main.Run" name="PageURLverify" time="21.437"/>
  <testcase classname="Main.Run" name="PageURLverify" time="20.358"/>
  <testcase classname="Main.Run" name="PageURLverify" time="20.377"/>
  <testcase classname="Main.Run" name="PageURLverify" time="20.355"/>
  <testcase classname="Main.Run" name="PageURLverify" time="20.449"/>
  <testcase classname="Main.Run" name="PageURLverify" time="20.479"/>
  <testcase classname="Main.Run" name="PageURLverify" time="20.553"/>
  <testcase classname="Main.Run" name="PageURLverify" time="20.41"/>
</testsuite> <!-- Test1 -->
