<?xml version="1.0" encoding="UTF-8"?>
<!-- Generated by org.testng.reporters.JUnitXMLReporter -->
<testsuite ignored="0" hostname="DIGITAL-0059" failures="0" tests="174" name="Test" time="3311.938" errors="0" timestamp="2022-09-06T13:53:37 IST">
  <testcase classname="Main.Run" name="PageURLverify" time="16.056"/>
  <testcase classname="Main.Run" name="PageURLverify" time="16.894"/>
  <testcase classname="Main.Run" name="PageURLverify" time="14.75"/>
  <testcase classname="Main.Run" name="PageURLverify" time="14.196"/>
  <testcase classname="Main.Run" name="PageURLverify" time="17.917"/>
  <testcase classname="Main.Run" name="PageURLverify" time="13.657"/>
  <testcase classname="Main.Run" name="PageURLverify" time="13.723"/>
  <testcase classname="Main.Run" name="PageURLverify" time="14.361"/>
  <testcase classname="Main.Run" name="PageURLverify" time="14.523"/>
  <testcase classname="Main.Run" name="PageURLverify" time="14.977"/>
  <testcase classname="Main.Run" name="PageURLverify" time="13.977"/>
  <testcase classname="Main.Run" name="PageURLverify" time="13.791"/>
  <testcase classname="Main.Run" name="PageURLverify" time="19.747"/>
  <testcase classname="Main.Run" name="PageURLverify" time="19.66"/>
  <testcase classname="Main.Run" name="PageURLverify" time="19.631"/>
  <testcase classname="Main.Run" name="PageURLverify" time="17.68"/>
  <testcase classname="Main.Run" name="PageURLverify" time="20.007"/>
  <testcase classname="Main.Run" name="PageURLverify" time="19.984"/>
  <testcase classname="Main.Run" name="PageURLverify" time="20.054"/>
  <testcase classname="Main.Run" name="PageURLverify" time="20.272"/>
  <testcase classname="Main.Run" name="PageURLverify" time="20.036"/>
  <testcase classname="Main.Run" name="PageURLverify" time="21.233"/>
  <testcase classname="Main.Run" name="PageURLverify" time="20.022"/>
  <testcase classname="Main.Run" name="PageURLverify" time="19.662"/>
  <testcase classname="Main.Run" name="PageURLverify" time="13.675"/>
  <testcase classname="Main.Run" name="PageURLverify" time="20.303"/>
  <testcase classname="Main.Run" name="PageURLverify" time="20.049"/>
  <testcase classname="Main.Run" name="PageURLverify" time="20.478"/>
  <testcase classname="Main.Run" name="PageURLverify" time="19.68"/>
  <testcase classname="Main.Run" name="PageURLverify" time="19.853"/>
  <testcase classname="Main.Run" name="PageURLverify" time="19.739"/>
  <testcase classname="Main.Run" name="PageURLverify" time="20.856"/>
  <testcase classname="Main.Run" name="PageURLverify" time="20.57"/>
  <testcase classname="Main.Run" name="PageURLverify" time="19.289"/>
  <testcase classname="Main.Run" name="PageURLverify" time="19.803"/>
  <testcase classname="Main.Run" name="PageURLverify" time="17.786"/>
  <testcase classname="Main.Run" name="PageURLverify" time="17.66"/>
  <testcase classname="Main.Run" name="PageURLverify" time="20.474"/>
  <testcase classname="Main.Run" name="PageURLverify" time="13.332"/>
  <testcase classname="Main.Run" name="PageURLverify" time="17.621"/>
  <testcase classname="Main.Run" name="PageURLverify" time="20.138"/>
  <testcase classname="Main.Run" name="PageURLverify" time="19.712"/>
  <testcase classname="Main.Run" name="PageURLverify" time="19.997"/>
  <testcase classname="Main.Run" name="PageURLverify" time="19.761"/>
  <testcase classname="Main.Run" name="PageURLverify" time="19.835"/>
  <testcase classname="Main.Run" name="PageURLverify" time="19.705"/>
  <testcase classname="Main.Run" name="PageURLverify" time="19.859"/>
  <testcase classname="Main.Run" name="PageURLverify" time="19.73"/>
  <testcase classname="Main.Run" name="PageURLverify" time="19.835"/>
  <testcase classname="Main.Run" name="PageURLverify" time="19.996"/>
  <testcase classname="Main.Run" name="PageURLverify" time="20.133"/>
  <testcase classname="Main.Run" name="PageURLverify" time="20.114"/>
  <testcase classname="Main.Run" name="PageURLverify" time="19.773"/>
  <testcase classname="Main.Run" name="PageURLverify" time="13.764"/>
  <testcase classname="Main.Run" name="PageURLverify" time="17.976"/>
  <testcase classname="Main.Run" name="PageURLverify" time="20.127"/>
  <testcase classname="Main.Run" name="PageURLverify" time="19.847"/>
  <testcase classname="Main.Run" name="PageURLverify" time="19.991"/>
  <testcase classname="Main.Run" name="PageURLverify" time="19.875"/>
  <testcase classname="Main.Run" name="PageURLverify" time="19.809"/>
  <testcase classname="Main.Run" name="PageURLverify" time="19.9"/>
  <testcase classname="Main.Run" name="PageURLverify" time="19.87"/>
  <testcase classname="Main.Run" name="PageURLverify" time="19.989"/>
  <testcase classname="Main.Run" name="PageURLverify" time="19.864"/>
  <testcase classname="Main.Run" name="PageURLverify" time="19.84"/>
  <testcase classname="Main.Run" name="PageURLverify" time="19.811"/>
  <testcase classname="Main.Run" name="PageURLverify" time="19.805"/>
  <testcase classname="Main.Run" name="PageURLverify" time="19.811"/>
  <testcase classname="Main.Run" name="PageURLverify" time="20.02"/>
  <testcase classname="Main.Run" name="PageURLverify" time="19.733"/>
  <testcase classname="Main.Run" name="PageURLverify" time="19.682"/>
  <testcase classname="Main.Run" name="PageURLverify" time="19.951"/>
  <testcase classname="Main.Run" name="PageURLverify" time="20.092"/>
  <testcase classname="Main.Run" name="PageURLverify" time="20.093"/>
  <testcase classname="Main.Run" name="PageURLverify" time="20.107"/>
  <testcase classname="Main.Run" name="PageURLverify" time="19.848"/>
  <testcase classname="Main.Run" name="PageURLverify" time="19.766"/>
  <testcase classname="Main.Run" name="PageURLverify" time="19.901"/>
  <testcase classname="Main.Run" name="PageURLverify" time="19.829"/>
  <testcase classname="Main.Run" name="PageURLverify" time="19.891"/>
  <testcase classname="Main.Run" name="PageURLverify" time="20.21"/>
  <testcase classname="Main.Run" name="PageURLverify" time="20.068"/>
  <testcase classname="Main.Run" name="PageURLverify" time="19.867"/>
  <testcase classname="Main.Run" name="PageURLverify" time="19.909"/>
  <testcase classname="Main.Run" name="PageURLverify" time="20.04"/>
  <testcase classname="Main.Run" name="PageURLverify" time="20.102"/>
  <testcase classname="Main.Run" name="PageURLverify" time="20.267"/>
  <testcase classname="Main.Run" name="PageURLverify" time="20.082"/>
  <testcase classname="Main.Run" name="PageURLverify" time="19.964"/>
  <testcase classname="Main.Run" name="PageURLverify" time="19.903"/>
  <testcase classname="Main.Run" name="PageURLverify" time="19.731"/>
  <testcase classname="Main.Run" name="PageURLverify" time="19.803"/>
  <testcase classname="Main.Run" name="PageURLverify" time="19.78"/>
  <testcase classname="Main.Run" name="PageURLverify" time="19.99"/>
  <testcase classname="Main.Run" name="PageURLverify" time="20.19"/>
  <testcase classname="Main.Run" name="PageURLverify" time="20.062"/>
  <testcase classname="Main.Run" name="PageURLverify" time="20.091"/>
  <testcase classname="Main.Run" name="PageURLverify" time="20.032"/>
  <testcase classname="Main.Run" name="PageURLverify" time="19.938"/>
  <testcase classname="Main.Run" name="PageURLverify" time="19.991"/>
  <testcase classname="Main.Run" name="PageURLverify" time="19.913"/>
  <testcase classname="Main.Run" name="PageURLverify" time="19.843"/>
  <testcase classname="Main.Run" name="PageURLverify" time="19.891"/>
  <testcase classname="Main.Run" name="PageURLverify" time="19.842"/>
  <testcase classname="Main.Run" name="PageURLverify" time="19.697"/>
  <testcase classname="Main.Run" name="PageURLverify" time="19.81"/>
  <testcase classname="Main.Run" name="PageURLverify" time="19.796"/>
  <testcase classname="Main.Run" name="PageURLverify" time="19.72"/>
  <testcase classname="Main.Run" name="PageURLverify" time="19.773"/>
  <testcase classname="Main.Run" name="PageURLverify" time="19.789"/>
  <testcase classname="Main.Run" name="PageURLverify" time="19.757"/>
  <testcase classname="Main.Run" name="PageURLverify" time="19.877"/>
  <testcase classname="Main.Run" name="PageURLverify" time="19.808"/>
  <testcase classname="Main.Run" name="PageURLverify" time="19.78"/>
  <testcase classname="Main.Run" name="PageURLverify" time="19.987"/>
  <testcase classname="Main.Run" name="PageURLverify" time="19.937"/>
  <testcase classname="Main.Run" name="PageURLverify" time="20.012"/>
  <testcase classname="Main.Run" name="PageURLverify" time="19.854"/>
  <testcase classname="Main.Run" name="PageURLverify" time="19.923"/>
  <testcase classname="Main.Run" name="PageURLverify" time="19.942"/>
  <testcase classname="Main.Run" name="PageURLverify" time="19.857"/>
  <testcase classname="Main.Run" name="PageURLverify" time="20.055"/>
  <testcase classname="Main.Run" name="PageURLverify" time="19.83"/>
  <testcase classname="Main.Run" name="PageURLverify" time="19.793"/>
  <testcase classname="Main.Run" name="PageURLverify" time="19.907"/>
  <testcase classname="Main.Run" name="PageURLverify" time="20.016"/>
  <testcase classname="Main.Run" name="PageURLverify" time="19.793"/>
  <testcase classname="Main.Run" name="PageURLverify" time="20.08"/>
  <testcase classname="Main.Run" name="PageURLverify" time="20.037"/>
  <testcase classname="Main.Run" name="PageURLverify" time="19.92"/>
  <testcase classname="Main.Run" name="PageURLverify" time="20.12"/>
  <testcase classname="Main.Run" name="PageURLverify" time="20.092"/>
  <testcase classname="Main.Run" name="PageURLverify" time="20.121"/>
  <testcase classname="Main.Run" name="PageURLverify" time="19.776"/>
  <testcase classname="Main.Run" name="PageURLverify" time="19.949"/>
  <testcase classname="Main.Run" name="PageURLverify" time="19.88"/>
  <testcase classname="Main.Run" name="PageURLverify" time="19.791"/>
  <testcase classname="Main.Run" name="PageURLverify" time="20.351"/>
  <testcase classname="Main.Run" name="PageURLverify" time="19.894"/>
  <testcase classname="Main.Run" name="PageURLverify" time="20.057"/>
  <testcase classname="Main.Run" name="PageURLverify" time="14.387"/>
  <testcase classname="Main.Run" name="PageURLverify" time="18.356"/>
  <testcase classname="Main.Run" name="PageURLverify" time="13.819"/>
  <testcase classname="Main.Run" name="PageURLverify" time="13.861"/>
  <testcase classname="Main.Run" name="PageURLverify" time="13.832"/>
  <testcase classname="Main.Run" name="PageURLverify" time="18.232"/>
  <testcase classname="Main.Run" name="PageURLverify" time="13.796"/>
  <testcase classname="Main.Run" name="PageURLverify" time="13.912"/>
  <testcase classname="Main.Run" name="PageURLverify" time="13.69"/>
  <testcase classname="Main.Run" name="PageURLverify" time="13.726"/>
  <testcase classname="Main.Run" name="PageURLverify" time="14.154"/>
  <testcase classname="Main.Run" name="PageURLverify" time="13.379"/>
  <testcase classname="Main.Run" name="PageURLverify" time="13.473"/>
  <testcase classname="Main.Run" name="PageURLverify" time="13.337"/>
  <testcase classname="Main.Run" name="PageURLverify" time="13.82"/>
  <testcase classname="Main.Run" name="PageURLverify" time="20.127"/>
  <testcase classname="Main.Run" name="PageURLverify" time="19.95"/>
  <testcase classname="Main.Run" name="PageURLverify" time="20.049"/>
  <testcase classname="Main.Run" name="PageURLverify" time="19.926"/>
  <testcase classname="Main.Run" name="PageURLverify" time="20.008"/>
  <testcase classname="Main.Run" name="PageURLverify" time="19.908"/>
  <testcase classname="Main.Run" name="PageURLverify" time="19.857"/>
  <testcase classname="Main.Run" name="PageURLverify" time="19.826"/>
  <testcase classname="Main.Run" name="PageURLverify" time="19.918"/>
  <testcase classname="Main.Run" name="PageURLverify" time="20.003"/>
  <testcase classname="Main.Run" name="PageURLverify" time="20.105"/>
  <testcase classname="Main.Run" name="PageURLverify" time="20.1"/>
  <testcase classname="Main.Run" name="PageURLverify" time="20.038"/>
  <testcase classname="Main.Run" name="PageURLverify" time="20.113"/>
  <testcase classname="Main.Run" name="PageURLverify" time="20.177"/>
  <testcase classname="Main.Run" name="PageURLverify" time="20.069"/>
  <testcase classname="Main.Run" name="PageURLverify" time="19.961"/>
  <testcase classname="Main.Run" name="PageURLverify" time="20.173"/>
  <testcase classname="Main.Run" name="PageURLverify" time="20.24"/>
</testsuite> <!-- Test -->
